[veins.design/effect/web/particles-2d-canvas.html]
[backblue.gif]
[fade.gif]
[index.html]
[veins.design/Content/metro4/css/metro-all.min93e3.css]
[veins.design/Content/spectrum/css/spectrum.min.css]
[veins.design/Content/desktop3499.css]
[veins.design/Scripts/jquery/jquery-3.5.1.min.js]
[veins.design/Content/metro4/js/metro.min93e3.js]
[veins.design/Content/spectrum/js/spectrum.min.js]
[veins.design/Scripts/utils/full-screen.js]
[veins.design/Scripts/utils/common.js]
[veins.design/Scripts/utils/desktop1b6f.js]
[veins.design/Scripts/effects/particles-2d-canvas.js]
[veins.design/effect/web/particles-2d-canvas.html]
[veins.design/Content/metro4/css/metro-all.min93e3.css]
[veins.design/Content/spectrum/css/spectrum.min.css]
[veins.design/Content/desktop3499.css]
[veins.design/Scripts/jquery/jquery-3.5.1.min.js]
[veins.design/Content/metro4/js/metro.min93e3.js]
[veins.design/Content/spectrum/js/spectrum.min.js]
[veins.design/Scripts/utils/full-screen.js]
[veins.design/Scripts/utils/common.js]
[veins.design/Scripts/utils/desktop1b6f.js]
[veins.design/Scripts/effects/particles-2d-canvas.js]
[hm.baidu.com/hm2185.js]
